<?xml version="1.0" encoding="UTF-8"?>
<coverage generated="1650907890435" clover="3.2.0">
  <project timestamp="1650907890435" name="All files">
    <metrics statements="238" coveredstatements="209" conditionals="85" coveredconditionals="78" methods="46" coveredmethods="41" elements="369" coveredelements="328" complexity="0" loc="238" ncloc="238" packages="3" files="7" classes="7"/>
    <package name="dice-game-api">
      <metrics statements="16" coveredstatements="14" conditionals="0" coveredconditionals="0" methods="3" coveredmethods="2"/>
      <file name="main.js" path="/root/dice-game/dice-game-api/main.js">
        <metrics statements="16" coveredstatements="14" conditionals="0" coveredconditionals="0" methods="3" coveredmethods="2"/>
        <line num="9" count="1" type="stmt"/>
        <line num="10" count="1" type="stmt"/>
        <line num="11" count="1" type="stmt"/>
        <line num="12" count="1" type="stmt"/>
        <line num="13" count="1" type="stmt"/>
        <line num="19" count="1" type="stmt"/>
        <line num="20" count="10" type="stmt"/>
        <line num="21" count="10" type="stmt"/>
        <line num="22" count="10" type="stmt"/>
        <line num="25" count="1" type="stmt"/>
        <line num="26" count="1" type="stmt"/>
        <line num="28" count="1" type="stmt"/>
        <line num="30" count="1" type="stmt"/>
        <line num="31" count="0" type="stmt"/>
        <line num="32" count="0" type="stmt"/>
        <line num="35" count="1" type="stmt"/>
      </file>
    </package>
    <package name="dice-game-api.libs">
      <metrics statements="154" coveredstatements="145" conditionals="79" coveredconditionals="74" methods="35" coveredmethods="32"/>
      <file name="Game.js" path="/root/dice-game/dice-game-api/libs/Game.js">
        <metrics statements="110" coveredstatements="107" conditionals="73" coveredconditionals="71" methods="25" coveredmethods="25"/>
        <line num="5" count="125" type="stmt"/>
        <line num="6" count="125" type="stmt"/>
        <line num="7" count="125" type="stmt"/>
        <line num="8" count="125" type="stmt"/>
        <line num="9" count="125" type="stmt"/>
        <line num="10" count="125" type="stmt"/>
        <line num="12" count="125" type="stmt"/>
        <line num="14" count="125" type="stmt"/>
        <line num="15" count="125" type="stmt"/>
        <line num="16" count="252" type="stmt"/>
        <line num="28" count="8" type="stmt"/>
        <line num="29" count="18" type="stmt"/>
        <line num="31" count="73" type="cond" truecount="5" falsecount="0"/>
        <line num="32" count="5" type="stmt"/>
        <line num="34" count="13" type="stmt"/>
        <line num="35" count="55" type="stmt"/>
        <line num="37" count="13" type="stmt"/>
        <line num="41" count="8" type="stmt"/>
        <line num="42" count="40" type="stmt"/>
        <line num="43" count="40" type="cond" truecount="2" falsecount="0"/>
        <line num="46" count="8" type="stmt"/>
        <line num="47" count="40" type="stmt"/>
        <line num="48" count="40" type="cond" truecount="5" falsecount="1"/>
        <line num="52" count="0" type="stmt"/>
        <line num="53" count="40" type="cond" truecount="2" falsecount="0"/>
        <line num="54" count="1" type="stmt"/>
        <line num="56" count="40" type="stmt"/>
        <line num="57" count="40" type="stmt"/>
        <line num="58" count="40" type="cond" truecount="2" falsecount="0"/>
        <line num="59" count="40" type="stmt"/>
        <line num="64" count="8" type="stmt"/>
        <line num="65" count="41" type="stmt"/>
        <line num="67" count="41" type="stmt"/>
        <line num="68" count="41" type="stmt"/>
        <line num="69" count="41" type="stmt"/>
        <line num="70" count="205" type="stmt"/>
        <line num="72" count="41" type="cond" truecount="14" falsecount="0"/>
        <line num="74" count="11" type="stmt"/>
        <line num="75" count="11" type="stmt"/>
        <line num="77" count="1" type="stmt"/>
        <line num="78" count="1" type="stmt"/>
        <line num="80" count="1" type="stmt"/>
        <line num="81" count="1" type="stmt"/>
        <line num="83" count="1" type="stmt"/>
        <line num="84" count="1" type="stmt"/>
        <line num="86" count="8" type="stmt"/>
        <line num="87" count="8" type="stmt"/>
        <line num="89" count="1" type="stmt"/>
        <line num="90" count="1" type="stmt"/>
        <line num="92" count="21" type="cond" truecount="2" falsecount="0"/>
        <line num="93" count="3" type="stmt"/>
        <line num="95" count="21" type="cond" truecount="2" falsecount="0"/>
        <line num="96" count="3" type="stmt"/>
        <line num="98" count="3" type="cond" truecount="4" falsecount="0"/>
        <line num="99" count="3" type="stmt"/>
        <line num="101" count="3" type="cond" truecount="7" falsecount="0"/>
        <line num="102" count="3" type="stmt"/>
        <line num="104" count="2" type="cond" truecount="7" falsecount="0"/>
        <line num="105" count="2" type="stmt"/>
        <line num="107" count="2" type="cond" truecount="2" falsecount="0"/>
        <line num="108" count="2" type="stmt"/>
        <line num="110" count="5" type="stmt"/>
        <line num="111" count="1" type="stmt"/>
        <line num="113" count="1" type="stmt"/>
        <line num="119" count="8" type="stmt"/>
        <line num="120" count="39" type="stmt"/>
        <line num="121" count="39" type="stmt"/>
        <line num="124" count="8" type="stmt"/>
        <line num="125" count="39" type="cond" truecount="2" falsecount="0"/>
        <line num="128" count="8" type="stmt"/>
        <line num="129" count="39" type="stmt"/>
        <line num="132" count="8" type="stmt"/>
        <line num="133" count="4" type="stmt"/>
        <line num="134" count="128" type="stmt"/>
        <line num="136" count="4" type="stmt"/>
        <line num="139" count="8" type="stmt"/>
        <line num="140" count="41" type="stmt"/>
        <line num="141" count="40" type="stmt"/>
        <line num="142" count="39" type="stmt"/>
        <line num="143" count="39" type="stmt"/>
        <line num="144" count="39" type="stmt"/>
        <line num="145" count="39" type="stmt"/>
        <line num="146" count="39" type="cond" truecount="2" falsecount="0"/>
        <line num="147" count="4" type="stmt"/>
        <line num="149" count="39" type="stmt"/>
        <line num="152" count="8" type="stmt"/>
        <line num="153" count="18" type="stmt"/>
        <line num="154" count="13" type="stmt"/>
        <line num="155" count="13" type="stmt"/>
        <line num="159" count="64" type="stmt"/>
        <line num="160" count="64" type="stmt"/>
        <line num="161" count="64" type="stmt"/>
        <line num="162" count="64" type="stmt"/>
        <line num="163" count="64" type="stmt"/>
        <line num="165" count="64" type="cond" truecount="2" falsecount="0"/>
        <line num="166" count="1" type="stmt"/>
        <line num="168" count="63" type="cond" truecount="2" falsecount="0"/>
        <line num="169" count="2" type="stmt"/>
        <line num="171" count="61" type="cond" truecount="2" falsecount="0"/>
        <line num="172" count="8" type="stmt"/>
        <line num="174" count="53" type="cond" truecount="2" falsecount="0"/>
        <line num="175" count="41" type="stmt"/>
        <line num="177" count="12" type="cond" truecount="2" falsecount="0"/>
        <line num="178" count="11" type="cond" truecount="2" falsecount="0"/>
        <line num="179" count="1" type="stmt"/>
        <line num="181" count="10" type="stmt"/>
        <line num="184" count="1" type="cond" truecount="1" falsecount="1"/>
        <line num="185" count="1" type="stmt"/>
        <line num="187" count="0" type="stmt"/>
        <line num="191" count="0" type="stmt"/>
      </file>
      <file name="dbConnection.js" path="/root/dice-game/dice-game-api/libs/dbConnection.js">
        <metrics statements="15" coveredstatements="13" conditionals="4" coveredconditionals="2" methods="3" coveredmethods="1"/>
        <line num="5" count="3" type="stmt"/>
        <line num="6" count="3" type="stmt"/>
        <line num="7" count="3" type="stmt"/>
        <line num="8" count="3" type="stmt"/>
        <line num="9" count="3" type="stmt"/>
        <line num="11" count="3" type="cond" truecount="1" falsecount="1"/>
        <line num="15" count="3" type="stmt"/>
        <line num="16" count="3" type="stmt"/>
        <line num="17" count="2" type="stmt"/>
        <line num="18" count="2" type="stmt"/>
        <line num="20" count="0" type="stmt"/>
        <line num="21" count="0" type="stmt"/>
        <line num="25" count="3" type="stmt"/>
        <line num="26" count="3" type="stmt"/>
        <line num="27" count="3" type="stmt"/>
      </file>
      <file name="dbGameWrapper.js" path="/root/dice-game/dice-game-api/libs/dbGameWrapper.js">
        <metrics statements="19" coveredstatements="18" conditionals="0" coveredconditionals="0" methods="7" coveredmethods="6"/>
        <line num="3" count="3" type="stmt"/>
        <line num="7" count="3" type="stmt"/>
        <line num="8" count="0" type="stmt"/>
        <line num="11" count="3" type="stmt"/>
        <line num="12" count="7" type="stmt"/>
        <line num="13" count="7" type="stmt"/>
        <line num="16" count="3" type="stmt"/>
        <line num="17" count="18" type="stmt"/>
        <line num="18" count="18" type="stmt"/>
        <line num="21" count="3" type="stmt"/>
        <line num="22" count="62" type="stmt"/>
        <line num="25" count="3" type="stmt"/>
        <line num="26" count="6" type="stmt"/>
        <line num="29" count="3" type="stmt"/>
        <line num="30" count="74" type="stmt"/>
        <line num="31" count="74" type="stmt"/>
        <line num="34" count="3" type="stmt"/>
        <line num="35" count="2" type="stmt"/>
        <line num="36" count="2" type="stmt"/>
      </file>
      <file name="jwtCheck.js" path="/root/dice-game/dice-game-api/libs/jwtCheck.js">
        <metrics statements="2" coveredstatements="2" conditionals="0" coveredconditionals="0" methods="0" coveredmethods="0"/>
        <line num="1" count="1" type="stmt"/>
        <line num="2" count="1" type="stmt"/>
      </file>
      <file name="logger.js" path="/root/dice-game/dice-game-api/libs/logger.js">
        <metrics statements="8" coveredstatements="5" conditionals="2" coveredconditionals="1" methods="0" coveredmethods="0"/>
        <line num="3" count="8" type="stmt"/>
        <line num="11" count="8" type="cond" truecount="1" falsecount="1"/>
        <line num="12" count="8" type="stmt"/>
        <line num="13" count="8" type="stmt"/>
        <line num="14" count="8" type="stmt"/>
        <line num="16" count="0" type="stmt"/>
        <line num="17" count="0" type="stmt"/>
        <line num="18" count="0" type="stmt"/>
      </file>
    </package>
    <package name="dice-game-api.routers">
      <metrics statements="68" coveredstatements="50" conditionals="6" coveredconditionals="4" methods="8" coveredmethods="7"/>
      <file name="gameRouter.js" path="/root/dice-game/dice-game-api/routers/gameRouter.js">
        <metrics statements="68" coveredstatements="50" conditionals="6" coveredconditionals="4" methods="8" coveredmethods="7"/>
        <line num="15" count="2" type="stmt"/>
        <line num="17" count="2" type="stmt"/>
        <line num="20" count="2" type="stmt"/>
        <line num="21" count="0" type="stmt"/>
        <line num="22" count="0" type="stmt"/>
        <line num="23" count="0" type="stmt"/>
        <line num="24" count="0" type="stmt"/>
        <line num="25" count="0" type="stmt"/>
        <line num="27" count="0" type="stmt"/>
        <line num="28" count="0" type="stmt"/>
        <line num="34" count="2" type="stmt"/>
        <line num="35" count="1" type="stmt"/>
        <line num="36" count="1" type="stmt"/>
        <line num="37" count="1" type="stmt"/>
        <line num="38" count="1" type="cond" truecount="1" falsecount="1"/>
        <line num="39" count="0" type="stmt"/>
        <line num="41" count="1" type="stmt"/>
        <line num="42" count="3" type="stmt"/>
        <line num="48" count="0" type="stmt"/>
        <line num="49" count="0" type="stmt"/>
        <line num="55" count="2" type="stmt"/>
        <line num="56" count="1" type="stmt"/>
        <line num="57" count="1" type="stmt"/>
        <line num="58" count="1" type="stmt"/>
        <line num="59" count="1" type="stmt"/>
        <line num="61" count="0" type="stmt"/>
        <line num="62" count="0" type="stmt"/>
        <line num="68" count="2" type="stmt"/>
        <line num="69" count="1" type="stmt"/>
        <line num="70" count="1" type="stmt"/>
        <line num="71" count="1" type="cond" truecount="1" falsecount="1"/>
        <line num="72" count="1" type="stmt"/>
        <line num="74" count="1" type="stmt"/>
        <line num="75" count="1" type="stmt"/>
        <line num="76" count="1" type="stmt"/>
        <line num="77" count="1" type="stmt"/>
        <line num="78" count="1" type="stmt"/>
        <line num="84" count="0" type="stmt"/>
        <line num="85" count="0" type="stmt"/>
        <line num="94" count="2" type="stmt"/>
        <line num="95" count="5" type="stmt"/>
        <line num="96" count="5" type="stmt"/>
        <line num="97" count="5" type="stmt"/>
        <line num="98" count="5" type="stmt"/>
        <line num="99" count="4" type="stmt"/>
        <line num="100" count="3" type="stmt"/>
        <line num="101" count="3" type="stmt"/>
        <line num="102" count="3" type="stmt"/>
        <line num="104" count="2" type="cond" truecount="2" falsecount="0"/>
        <line num="105" count="1" type="stmt"/>
        <line num="107" count="1" type="stmt"/>
        <line num="108" count="1" type="stmt"/>
        <line num="114" count="2" type="stmt"/>
        <line num="115" count="1" type="stmt"/>
        <line num="116" count="1" type="stmt"/>
        <line num="117" count="1" type="stmt"/>
        <line num="118" count="1" type="stmt"/>
        <line num="119" count="1" type="stmt"/>
        <line num="121" count="0" type="stmt"/>
        <line num="122" count="0" type="stmt"/>
        <line num="127" count="2" type="stmt"/>
        <line num="128" count="1" type="stmt"/>
        <line num="129" count="1" type="stmt"/>
        <line num="130" count="1" type="stmt"/>
        <line num="131" count="1" type="stmt"/>
        <line num="132" count="1" type="stmt"/>
        <line num="134" count="0" type="stmt"/>
        <line num="135" count="0" type="stmt"/>
      </file>
    </package>
  </project>
</coverage>
