{"/root/dice-game/dice-game-api/main.js": {"path":"/root/dice-game/dice-game-api/main.js","statementMap":{"0":{"start":{"line":9,"column":13},"end":{"line":9,"column":33}},"1":{"start":{"line":10,"column":13},"end":{"line":10,"column":33}},"2":{"start":{"line":11,"column":12},"end":{"line":11,"column":31}},"3":{"start":{"line":12,"column":17},"end":{"line":12,"column":37}},"4":{"start":{"line":13,"column":12},"end":{"line":13,"column":21}},"5":{"start":{"line":19,"column":0},"end":{"line":23,"column":5}},"6":{"start":{"line":20,"column":4},"end":{"line":20,"column":51}},"7":{"start":{"line":21,"column":4},"end":{"line":21,"column":97}},"8":{"start":{"line":22,"column":4},"end":{"line":22,"column":11}},"9":{"start":{"line":25,"column":0},"end":{"line":25,"column":24}},"10":{"start":{"line":26,"column":0},"end":{"line":26,"column":47}},"11":{"start":{"line":28,"column":0},"end":{"line":28,"column":25}},"12":{"start":{"line":30,"column":0},"end":{"line":33,"column":2}},"13":{"start":{"line":31,"column":2},"end":{"line":31,"column":80}},"14":{"start":{"line":32,"column":2},"end":{"line":32,"column":30}},"15":{"start":{"line":35,"column":0},"end":{"line":35,"column":85}},"16":{"start":{"line":35,"column":29},"end":{"line":35,"column":83}}},"fnMap":{"0":{"name":"(anonymous_0)","decl":{"start":{"line":19,"column":8},"end":{"line":19,"column":9}},"loc":{"start":{"line":19,"column":28},"end":{"line":23,"column":3}},"line":19},"1":{"name":"(anonymous_1)","decl":{"start":{"line":30,"column":8},"end":{"line":30,"column":9}},"loc":{"start":{"line":30,"column":22},"end":{"line":33,"column":1}},"line":30},"2":{"name":"(anonymous_2)","decl":{"start":{"line":35,"column":23},"end":{"line":35,"column":24}},"loc":{"start":{"line":35,"column":29},"end":{"line":35,"column":83}},"line":35}},"branchMap":{},"s":{"0":1,"1":1,"2":1,"3":1,"4":1,"5":1,"6":10,"7":10,"8":10,"9":1,"10":1,"11":1,"12":1,"13":0,"14":0,"15":1,"16":1},"f":{"0":10,"1":0,"2":1},"b":{},"_coverageSchema":"1a1c01bbd47fc00a2c39e90264f33305004495a9","hash":"fb3e62c9ce0464b71e63042d56a13c9db576c848"}
,"/root/dice-game/dice-game-api/libs/Game.js": {"path":"/root/dice-game/dice-game-api/libs/Game.js","statementMap":{"0":{"start":{"line":5,"column":8},"end":{"line":5,"column":29}},"1":{"start":{"line":6,"column":8},"end":{"line":6,"column":30}},"2":{"start":{"line":7,"column":8},"end":{"line":7,"column":30}},"3":{"start":{"line":8,"column":8},"end":{"line":8,"column":35}},"4":{"start":{"line":9,"column":8},"end":{"line":9,"column":90}},"5":{"start":{"line":10,"column":8},"end":{"line":10,"column":71}},"6":{"start":{"line":12,"column":8},"end":{"line":12,"column":76}},"7":{"start":{"line":14,"column":8},"end":{"line":14,"column":25}},"8":{"start":{"line":15,"column":8},"end":{"line":24,"column":11}},"9":{"start":{"line":16,"column":12},"end":{"line":23,"column":13}},"10":{"start":{"line":28,"column":21},"end":{"line":39,"column":1}},"11":{"start":{"line":29,"column":4},"end":{"line":38,"column":6}},"12":{"start":{"line":31,"column":8},"end":{"line":33,"column":9}},"13":{"start":{"line":31,"column":38},"end":{"line":31,"column":96}},"14":{"start":{"line":32,"column":12},"end":{"line":32,"column":93}},"15":{"start":{"line":34,"column":8},"end":{"line":36,"column":9}},"16":{"start":{"line":34,"column":21},"end":{"line":34,"column":22}},"17":{"start":{"line":35,"column":12},"end":{"line":35,"column":66}},"18":{"start":{"line":37,"column":8},"end":{"line":37,"column":20}},"19":{"start":{"line":41,"column":21},"end":{"line":44,"column":1}},"20":{"start":{"line":42,"column":16},"end":{"line":42,"column":96}},"21":{"start":{"line":43,"column":4},"end":{"line":43,"column":28}},"22":{"start":{"line":46,"column":19},"end":{"line":62,"column":1}},"23":{"start":{"line":47,"column":4},"end":{"line":61,"column":6}},"24":{"start":{"line":48,"column":8},"end":{"line":55,"column":9}},"25":{"start":{"line":52,"column":12},"end":{"line":52,"column":92}},"26":{"start":{"line":53,"column":15},"end":{"line":55,"column":9}},"27":{"start":{"line":54,"column":12},"end":{"line":54,"column":72}},"28":{"start":{"line":56,"column":8},"end":{"line":56,"column":36}},"29":{"start":{"line":57,"column":8},"end":{"line":57,"column":47}},"30":{"start":{"line":58,"column":8},"end":{"line":58,"column":58}},"31":{"start":{"line":58,"column":37},"end":{"line":58,"column":56}},"32":{"start":{"line":59,"column":8},"end":{"line":59,"column":22}},"33":{"start":{"line":64,"column":20},"end":{"line":117,"column":1}},"34":{"start":{"line":65,"column":4},"end":{"line":116,"column":6}},"35":{"start":{"line":67,"column":25},"end":{"line":67,"column":43}},"36":{"start":{"line":68,"column":24},"end":{"line":68,"column":42}},"37":{"start":{"line":69,"column":8},"end":{"line":71,"column":10}},"38":{"start":{"line":70,"column":12},"end":{"line":70,"column":30}},"39":{"start":{"line":72,"column":8},"end":{"line":114,"column":9}},"40":{"start":{"line":74,"column":16},"end":{"line":74,"column":62}},"41":{"start":{"line":75,"column":16},"end":{"line":75,"column":22}},"42":{"start":{"line":77,"column":16},"end":{"line":77,"column":62}},"43":{"start":{"line":78,"column":16},"end":{"line":78,"column":22}},"44":{"start":{"line":80,"column":16},"end":{"line":80,"column":62}},"45":{"start":{"line":81,"column":16},"end":{"line":81,"column":22}},"46":{"start":{"line":83,"column":16},"end":{"line":83,"column":62}},"47":{"start":{"line":84,"column":16},"end":{"line":84,"column":22}},"48":{"start":{"line":86,"column":16},"end":{"line":86,"column":62}},"49":{"start":{"line":87,"column":16},"end":{"line":87,"column":22}},"50":{"start":{"line":89,"column":16},"end":{"line":89,"column":62}},"51":{"start":{"line":90,"column":16},"end":{"line":90,"column":22}},"52":{"start":{"line":92,"column":16},"end":{"line":92,"column":141}},"53":{"start":{"line":92,"column":46},"end":{"line":92,"column":57}},"54":{"start":{"line":92,"column":114},"end":{"line":92,"column":131}},"55":{"start":{"line":93,"column":16},"end":{"line":93,"column":22}},"56":{"start":{"line":95,"column":16},"end":{"line":95,"column":141}},"57":{"start":{"line":95,"column":46},"end":{"line":95,"column":57}},"58":{"start":{"line":95,"column":114},"end":{"line":95,"column":131}},"59":{"start":{"line":96,"column":16},"end":{"line":96,"column":22}},"60":{"start":{"line":98,"column":16},"end":{"line":98,"column":80}},"61":{"start":{"line":99,"column":16},"end":{"line":99,"column":22}},"62":{"start":{"line":101,"column":16},"end":{"line":101,"column":104}},"63":{"start":{"line":102,"column":16},"end":{"line":102,"column":22}},"64":{"start":{"line":104,"column":16},"end":{"line":104,"column":104}},"65":{"start":{"line":105,"column":16},"end":{"line":105,"column":22}},"66":{"start":{"line":107,"column":16},"end":{"line":107,"column":54}},"67":{"start":{"line":108,"column":16},"end":{"line":108,"column":22}},"68":{"start":{"line":110,"column":16},"end":{"line":110,"column":85}},"69":{"start":{"line":110,"column":62},"end":{"line":110,"column":79}},"70":{"start":{"line":111,"column":16},"end":{"line":111,"column":22}},"71":{"start":{"line":113,"column":16},"end":{"line":113,"column":96}},"72":{"start":{"line":119,"column":22},"end":{"line":122,"column":1}},"73":{"start":{"line":120,"column":26},"end":{"line":120,"column":83}},"74":{"start":{"line":121,"column":4},"end":{"line":121,"column":35}},"75":{"start":{"line":124,"column":16},"end":{"line":126,"column":1}},"76":{"start":{"line":125,"column":4},"end":{"line":125,"column":74}},"77":{"start":{"line":128,"column":17},"end":{"line":130,"column":1}},"78":{"start":{"line":129,"column":4},"end":{"line":129,"column":28}},"79":{"start":{"line":132,"column":18},"end":{"line":137,"column":1}},"80":{"start":{"line":133,"column":4},"end":{"line":135,"column":5}},"81":{"start":{"line":134,"column":8},"end":{"line":134,"column":137}},"82":{"start":{"line":134,"column":89},"end":{"line":134,"column":106}},"83":{"start":{"line":136,"column":4},"end":{"line":136,"column":18}},"84":{"start":{"line":139,"column":32},"end":{"line":150,"column":1}},"85":{"start":{"line":140,"column":19},"end":{"line":140,"column":60}},"86":{"start":{"line":141,"column":4},"end":{"line":141,"column":124}},"87":{"start":{"line":142,"column":4},"end":{"line":142,"column":25}},"88":{"start":{"line":143,"column":4},"end":{"line":143,"column":75}},"89":{"start":{"line":144,"column":4},"end":{"line":144,"column":93}},"90":{"start":{"line":145,"column":4},"end":{"line":145,"column":47}},"91":{"start":{"line":146,"column":4},"end":{"line":148,"column":5}},"92":{"start":{"line":147,"column":8},"end":{"line":147,"column":46}},"93":{"start":{"line":149,"column":4},"end":{"line":149,"column":15}},"94":{"start":{"line":152,"column":34},"end":{"line":156,"column":1}},"95":{"start":{"line":153,"column":4},"end":{"line":153,"column":58}},"96":{"start":{"line":154,"column":4},"end":{"line":154,"column":26}},"97":{"start":{"line":155,"column":4},"end":{"line":155,"column":16}},"98":{"start":{"line":159,"column":4},"end":{"line":194,"column":6}},"99":{"start":{"line":160,"column":8},"end":{"line":192,"column":5}},"100":{"start":{"line":161,"column":25},"end":{"line":161,"column":38}},"101":{"start":{"line":162,"column":30},"end":{"line":162,"column":48}},"102":{"start":{"line":163,"column":29},"end":{"line":163,"column":46}},"103":{"start":{"line":165,"column":8},"end":{"line":167,"column":9}},"104":{"start":{"line":166,"column":12},"end":{"line":166,"column":70}},"105":{"start":{"line":168,"column":8},"end":{"line":170,"column":9}},"106":{"start":{"line":169,"column":12},"end":{"line":169,"column":96}},"107":{"start":{"line":171,"column":8},"end":{"line":189,"column":9}},"108":{"start":{"line":172,"column":12},"end":{"line":172,"column":72}},"109":{"start":{"line":174,"column":13},"end":{"line":189,"column":9}},"110":{"start":{"line":175,"column":12},"end":{"line":175,"column":71}},"111":{"start":{"line":177,"column":13},"end":{"line":189,"column":9}},"112":{"start":{"line":178,"column":12},"end":{"line":180,"column":13}},"113":{"start":{"line":179,"column":16},"end":{"line":179,"column":112}},"114":{"start":{"line":181,"column":12},"end":{"line":181,"column":74}},"115":{"start":{"line":184,"column":12},"end":{"line":186,"column":13}},"116":{"start":{"line":185,"column":16},"end":{"line":185,"column":89}},"117":{"start":{"line":187,"column":12},"end":{"line":187,"column":71}},"118":{"start":{"line":191,"column":8},"end":{"line":191,"column":61}}},"fnMap":{"0":{"name":"(anonymous_0)","decl":{"start":{"line":4,"column":4},"end":{"line":4,"column":5}},"loc":{"start":{"line":4,"column":27},"end":{"line":25,"column":5}},"line":4},"1":{"name":"(anonymous_1)","decl":{"start":{"line":15,"column":26},"end":{"line":15,"column":27}},"loc":{"start":{"line":15,"column":32},"end":{"line":24,"column":9}},"line":15},"2":{"name":"(anonymous_2)","decl":{"start":{"line":28,"column":21},"end":{"line":28,"column":22}},"loc":{"start":{"line":28,"column":42},"end":{"line":39,"column":1}},"line":28},"3":{"name":"(anonymous_3)","decl":{"start":{"line":29,"column":24},"end":{"line":29,"column":25}},"loc":{"start":{"line":29,"column":45},"end":{"line":38,"column":5}},"line":29},"4":{"name":"(anonymous_4)","decl":{"start":{"line":31,"column":29},"end":{"line":31,"column":30}},"loc":{"start":{"line":31,"column":38},"end":{"line":31,"column":96}},"line":31},"5":{"name":"(anonymous_5)","decl":{"start":{"line":41,"column":21},"end":{"line":41,"column":22}},"loc":{"start":{"line":41,"column":32},"end":{"line":44,"column":1}},"line":41},"6":{"name":"(anonymous_6)","decl":{"start":{"line":46,"column":19},"end":{"line":46,"column":20}},"loc":{"start":{"line":46,"column":52},"end":{"line":62,"column":1}},"line":46},"7":{"name":"(anonymous_7)","decl":{"start":{"line":47,"column":23},"end":{"line":47,"column":24}},"loc":{"start":{"line":47,"column":44},"end":{"line":61,"column":5}},"line":47},"8":{"name":"(anonymous_8)","decl":{"start":{"line":64,"column":20},"end":{"line":64,"column":21}},"loc":{"start":{"line":64,"column":43},"end":{"line":117,"column":1}},"line":64},"9":{"name":"(anonymous_9)","decl":{"start":{"line":65,"column":24},"end":{"line":65,"column":25}},"loc":{"start":{"line":65,"column":46},"end":{"line":116,"column":5}},"line":65},"10":{"name":"(anonymous_10)","decl":{"start":{"line":69,"column":25},"end":{"line":69,"column":26}},"loc":{"start":{"line":69,"column":33},"end":{"line":71,"column":9}},"line":69},"11":{"name":"(anonymous_11)","decl":{"start":{"line":92,"column":36},"end":{"line":92,"column":37}},"loc":{"start":{"line":92,"column":46},"end":{"line":92,"column":57}},"line":92},"12":{"name":"(anonymous_12)","decl":{"start":{"line":92,"column":92},"end":{"line":92,"column":93}},"loc":{"start":{"line":92,"column":114},"end":{"line":92,"column":131}},"line":92},"13":{"name":"(anonymous_13)","decl":{"start":{"line":95,"column":36},"end":{"line":95,"column":37}},"loc":{"start":{"line":95,"column":46},"end":{"line":95,"column":57}},"line":95},"14":{"name":"(anonymous_14)","decl":{"start":{"line":95,"column":92},"end":{"line":95,"column":93}},"loc":{"start":{"line":95,"column":114},"end":{"line":95,"column":131}},"line":95},"15":{"name":"(anonymous_15)","decl":{"start":{"line":110,"column":40},"end":{"line":110,"column":41}},"loc":{"start":{"line":110,"column":62},"end":{"line":110,"column":79}},"line":110},"16":{"name":"(anonymous_16)","decl":{"start":{"line":119,"column":22},"end":{"line":119,"column":23}},"loc":{"start":{"line":119,"column":51},"end":{"line":122,"column":1}},"line":119},"17":{"name":"(anonymous_17)","decl":{"start":{"line":124,"column":16},"end":{"line":124,"column":17}},"loc":{"start":{"line":124,"column":66},"end":{"line":126,"column":1}},"line":124},"18":{"name":"(anonymous_18)","decl":{"start":{"line":128,"column":17},"end":{"line":128,"column":18}},"loc":{"start":{"line":128,"column":35},"end":{"line":130,"column":1}},"line":128},"19":{"name":"(anonymous_19)","decl":{"start":{"line":132,"column":18},"end":{"line":132,"column":19}},"loc":{"start":{"line":132,"column":31},"end":{"line":137,"column":1}},"line":132},"20":{"name":"(anonymous_20)","decl":{"start":{"line":134,"column":67},"end":{"line":134,"column":68}},"loc":{"start":{"line":134,"column":89},"end":{"line":134,"column":106}},"line":134},"21":{"name":"(anonymous_21)","decl":{"start":{"line":139,"column":32},"end":{"line":139,"column":33}},"loc":{"start":{"line":139,"column":62},"end":{"line":150,"column":1}},"line":139},"22":{"name":"(anonymous_22)","decl":{"start":{"line":152,"column":34},"end":{"line":152,"column":35}},"loc":{"start":{"line":152,"column":65},"end":{"line":156,"column":1}},"line":152},"23":{"name":"makeMove","decl":{"start":{"line":158,"column":16},"end":{"line":158,"column":24}},"loc":{"start":{"line":158,"column":70},"end":{"line":195,"column":1}},"line":158},"24":{"name":"(anonymous_24)","decl":{"start":{"line":159,"column":23},"end":{"line":159,"column":24}},"loc":{"start":{"line":159,"column":50},"end":{"line":194,"column":5}},"line":159}},"branchMap":{"0":{"loc":{"start":{"line":31,"column":8},"end":{"line":33,"column":9}},"type":"if","locations":[{"start":{"line":31,"column":8},"end":{"line":33,"column":9}},{"start":{},"end":{}}],"line":31},"1":{"loc":{"start":{"line":31,"column":38},"end":{"line":31,"column":96}},"type":"binary-expr","locations":[{"start":{"line":31,"column":39},"end":{"line":31,"column":48}},{"start":{"line":31,"column":54},"end":{"line":31,"column":63}},{"start":{"line":31,"column":69},"end":{"line":31,"column":95}}],"line":31},"2":{"loc":{"start":{"line":43,"column":11},"end":{"line":43,"column":28}},"type":"cond-expr","locations":[{"start":{"line":43,"column":21},"end":{"line":43,"column":24}},{"start":{"line":43,"column":27},"end":{"line":43,"column":28}}],"line":43},"3":{"loc":{"start":{"line":48,"column":8},"end":{"line":55,"column":9}},"type":"if","locations":[{"start":{"line":48,"column":8},"end":{"line":55,"column":9}},{"start":{"line":53,"column":15},"end":{"line":55,"column":9}}],"line":48},"4":{"loc":{"start":{"line":48,"column":11},"end":{"line":51,"column":36}},"type":"binary-expr","locations":[{"start":{"line":48,"column":11},"end":{"line":48,"column":46}},{"start":{"line":49,"column":12},"end":{"line":49,"column":36}},{"start":{"line":50,"column":12},"end":{"line":50,"column":39}},{"start":{"line":51,"column":12},"end":{"line":51,"column":36}}],"line":48},"5":{"loc":{"start":{"line":53,"column":15},"end":{"line":55,"column":9}},"type":"if","locations":[{"start":{"line":53,"column":15},"end":{"line":55,"column":9}},{"start":{},"end":{}}],"line":53},"6":{"loc":{"start":{"line":58,"column":8},"end":{"line":58,"column":58}},"type":"if","locations":[{"start":{"line":58,"column":8},"end":{"line":58,"column":58}},{"start":{},"end":{}}],"line":58},"7":{"loc":{"start":{"line":72,"column":8},"end":{"line":114,"column":9}},"type":"switch","locations":[{"start":{"line":73,"column":12},"end":{"line":75,"column":22}},{"start":{"line":76,"column":12},"end":{"line":78,"column":22}},{"start":{"line":79,"column":12},"end":{"line":81,"column":22}},{"start":{"line":82,"column":12},"end":{"line":84,"column":22}},{"start":{"line":85,"column":12},"end":{"line":87,"column":22}},{"start":{"line":88,"column":12},"end":{"line":90,"column":22}},{"start":{"line":91,"column":12},"end":{"line":93,"column":22}},{"start":{"line":94,"column":12},"end":{"line":96,"column":22}},{"start":{"line":97,"column":12},"end":{"line":99,"column":22}},{"start":{"line":100,"column":12},"end":{"line":102,"column":22}},{"start":{"line":103,"column":12},"end":{"line":105,"column":22}},{"start":{"line":106,"column":12},"end":{"line":108,"column":22}},{"start":{"line":109,"column":12},"end":{"line":111,"column":22}},{"start":{"line":112,"column":12},"end":{"line":113,"column":96}}],"line":72},"8":{"loc":{"start":{"line":92,"column":24},"end":{"line":92,"column":139}},"type":"cond-expr","locations":[{"start":{"line":92,"column":76},"end":{"line":92,"column":135}},{"start":{"line":92,"column":138},"end":{"line":92,"column":139}}],"line":92},"9":{"loc":{"start":{"line":95,"column":24},"end":{"line":95,"column":139}},"type":"cond-expr","locations":[{"start":{"line":95,"column":76},"end":{"line":95,"column":135}},{"start":{"line":95,"column":138},"end":{"line":95,"column":139}}],"line":95},"10":{"loc":{"start":{"line":98,"column":24},"end":{"line":98,"column":78}},"type":"cond-expr","locations":[{"start":{"line":98,"column":72},"end":{"line":98,"column":74}},{"start":{"line":98,"column":77},"end":{"line":98,"column":78}}],"line":98},"11":{"loc":{"start":{"line":98,"column":25},"end":{"line":98,"column":67}},"type":"binary-expr","locations":[{"start":{"line":98,"column":25},"end":{"line":98,"column":44}},{"start":{"line":98,"column":48},"end":{"line":98,"column":67}}],"line":98},"12":{"loc":{"start":{"line":101,"column":24},"end":{"line":101,"column":102}},"type":"cond-expr","locations":[{"start":{"line":101,"column":96},"end":{"line":101,"column":98}},{"start":{"line":101,"column":101},"end":{"line":101,"column":102}}],"line":101},"13":{"loc":{"start":{"line":101,"column":25},"end":{"line":101,"column":91}},"type":"binary-expr","locations":[{"start":{"line":101,"column":25},"end":{"line":101,"column":35}},{"start":{"line":101,"column":39},"end":{"line":101,"column":49}},{"start":{"line":101,"column":53},"end":{"line":101,"column":63}},{"start":{"line":101,"column":67},"end":{"line":101,"column":77}},{"start":{"line":101,"column":81},"end":{"line":101,"column":91}}],"line":101},"14":{"loc":{"start":{"line":104,"column":24},"end":{"line":104,"column":102}},"type":"cond-expr","locations":[{"start":{"line":104,"column":96},"end":{"line":104,"column":98}},{"start":{"line":104,"column":101},"end":{"line":104,"column":102}}],"line":104},"15":{"loc":{"start":{"line":104,"column":25},"end":{"line":104,"column":91}},"type":"binary-expr","locations":[{"start":{"line":104,"column":25},"end":{"line":104,"column":35}},{"start":{"line":104,"column":39},"end":{"line":104,"column":49}},{"start":{"line":104,"column":53},"end":{"line":104,"column":63}},{"start":{"line":104,"column":67},"end":{"line":104,"column":77}},{"start":{"line":104,"column":81},"end":{"line":104,"column":91}}],"line":104},"16":{"loc":{"start":{"line":107,"column":24},"end":{"line":107,"column":52}},"type":"cond-expr","locations":[{"start":{"line":107,"column":46},"end":{"line":107,"column":48}},{"start":{"line":107,"column":51},"end":{"line":107,"column":52}}],"line":107},"17":{"loc":{"start":{"line":125,"column":11},"end":{"line":125,"column":74}},"type":"cond-expr","locations":[{"start":{"line":125,"column":69},"end":{"line":125,"column":70}},{"start":{"line":125,"column":73},"end":{"line":125,"column":74}}],"line":125},"18":{"loc":{"start":{"line":146,"column":4},"end":{"line":148,"column":5}},"type":"if","locations":[{"start":{"line":146,"column":4},"end":{"line":148,"column":5}},{"start":{},"end":{}}],"line":146},"19":{"loc":{"start":{"line":165,"column":8},"end":{"line":167,"column":9}},"type":"if","locations":[{"start":{"line":165,"column":8},"end":{"line":167,"column":9}},{"start":{},"end":{}}],"line":165},"20":{"loc":{"start":{"line":168,"column":8},"end":{"line":170,"column":9}},"type":"if","locations":[{"start":{"line":168,"column":8},"end":{"line":170,"column":9}},{"start":{},"end":{}}],"line":168},"21":{"loc":{"start":{"line":171,"column":8},"end":{"line":189,"column":9}},"type":"if","locations":[{"start":{"line":171,"column":8},"end":{"line":189,"column":9}},{"start":{"line":174,"column":13},"end":{"line":189,"column":9}}],"line":171},"22":{"loc":{"start":{"line":174,"column":13},"end":{"line":189,"column":9}},"type":"if","locations":[{"start":{"line":174,"column":13},"end":{"line":189,"column":9}},{"start":{"line":177,"column":13},"end":{"line":189,"column":9}}],"line":174},"23":{"loc":{"start":{"line":177,"column":13},"end":{"line":189,"column":9}},"type":"if","locations":[{"start":{"line":177,"column":13},"end":{"line":189,"column":9}},{"start":{"line":183,"column":13},"end":{"line":189,"column":9}}],"line":177},"24":{"loc":{"start":{"line":178,"column":12},"end":{"line":180,"column":13}},"type":"if","locations":[{"start":{"line":178,"column":12},"end":{"line":180,"column":13}},{"start":{},"end":{}}],"line":178},"25":{"loc":{"start":{"line":184,"column":12},"end":{"line":186,"column":13}},"type":"if","locations":[{"start":{"line":184,"column":12},"end":{"line":186,"column":13}},{"start":{},"end":{}}],"line":184}},"s":{"0":125,"1":125,"2":125,"3":125,"4":125,"5":125,"6":125,"7":125,"8":125,"9":252,"10":8,"11":18,"12":18,"13":73,"14":5,"15":13,"16":13,"17":55,"18":13,"19":8,"20":40,"21":40,"22":8,"23":40,"24":40,"25":0,"26":40,"27":1,"28":40,"29":40,"30":40,"31":4,"32":40,"33":8,"34":41,"35":41,"36":41,"37":41,"38":205,"39":41,"40":11,"41":11,"42":1,"43":1,"44":1,"45":1,"46":1,"47":1,"48":8,"49":8,"50":1,"51":1,"52":3,"53":21,"54":10,"55":3,"56":3,"57":21,"58":10,"59":3,"60":3,"61":3,"62":3,"63":3,"64":2,"65":2,"66":2,"67":2,"68":1,"69":5,"70":1,"71":1,"72":8,"73":39,"74":39,"75":8,"76":39,"77":8,"78":39,"79":8,"80":4,"81":8,"82":128,"83":4,"84":8,"85":41,"86":40,"87":39,"88":39,"89":39,"90":39,"91":39,"92":4,"93":39,"94":8,"95":18,"96":13,"97":13,"98":64,"99":64,"100":64,"101":64,"102":64,"103":64,"104":1,"105":63,"106":2,"107":61,"108":8,"109":53,"110":41,"111":12,"112":11,"113":1,"114":10,"115":1,"116":1,"117":0,"118":0},"f":{"0":125,"1":252,"2":18,"3":18,"4":73,"5":40,"6":40,"7":40,"8":41,"9":41,"10":205,"11":21,"12":10,"13":21,"14":10,"15":5,"16":39,"17":39,"18":39,"19":4,"20":128,"21":41,"22":18,"23":64,"24":64},"b":{"0":[5,13],"1":[73,70,69],"2":[36,4],"3":[0,40],"4":[40,40,40,40],"5":[1,39],"6":[4,36],"7":[11,1,1,1,8,1,3,3,3,3,2,2,1,1],"8":[2,1],"9":[2,1],"10":[1,2],"11":[3,2],"12":[1,2],"13":[3,1,1,1,1],"14":[1,1],"15":[2,2,2,2,1],"16":[1,1],"17":[7,32],"18":[4,35],"19":[1,63],"20":[2,61],"21":[8,53],"22":[41,12],"23":[11,1],"24":[1,10],"25":[1,0]},"_coverageSchema":"1a1c01bbd47fc00a2c39e90264f33305004495a9","hash":"ef9868580a043e5cb19dcde4f3fb46426ddb65e8"}
,"/root/dice-game/dice-game-api/libs/dbConnection.js": {"path":"/root/dice-game/dice-game-api/libs/dbConnection.js","statementMap":{"0":{"start":{"line":5,"column":13},"end":{"line":5,"column":32}},"1":{"start":{"line":6,"column":13},"end":{"line":6,"column":32}},"2":{"start":{"line":7,"column":13},"end":{"line":7,"column":32}},"3":{"start":{"line":8,"column":17},"end":{"line":8,"column":40}},"4":{"start":{"line":9,"column":17},"end":{"line":9,"column":37}},"5":{"start":{"line":11,"column":16},"end":{"line":12,"column":125}},"6":{"start":{"line":15,"column":4},"end":{"line":22,"column":5}},"7":{"start":{"line":16,"column":8},"end":{"line":16,"column":90}},"8":{"start":{"line":17,"column":8},"end":{"line":17,"column":108}},"9":{"start":{"line":17,"column":47},"end":{"line":17,"column":106}},"10":{"start":{"line":18,"column":8},"end":{"line":18,"column":70}},"11":{"start":{"line":18,"column":49},"end":{"line":18,"column":68}},"12":{"start":{"line":20,"column":8},"end":{"line":20,"column":26}},"13":{"start":{"line":21,"column":8},"end":{"line":21,"column":28}},"14":{"start":{"line":25,"column":0},"end":{"line":25,"column":16}},"15":{"start":{"line":26,"column":0},"end":{"line":26,"column":27}},"16":{"start":{"line":27,"column":0},"end":{"line":27,"column":25}}},"fnMap":{"0":{"name":"connectToMongo","decl":{"start":{"line":14,"column":15},"end":{"line":14,"column":29}},"loc":{"start":{"line":14,"column":32},"end":{"line":23,"column":1}},"line":14},"1":{"name":"(anonymous_1)","decl":{"start":{"line":17,"column":41},"end":{"line":17,"column":42}},"loc":{"start":{"line":17,"column":47},"end":{"line":17,"column":106}},"line":17},"2":{"name":"(anonymous_2)","decl":{"start":{"line":18,"column":40},"end":{"line":18,"column":41}},"loc":{"start":{"line":18,"column":49},"end":{"line":18,"column":68}},"line":18}},"branchMap":{"0":{"loc":{"start":{"line":11,"column":16},"end":{"line":12,"column":125}},"type":"cond-expr","locations":[{"start":{"line":11,"column":45},"end":{"line":11,"column":76}},{"start":{"line":12,"column":16},"end":{"line":12,"column":125}}],"line":11},"1":{"loc":{"start":{"line":12,"column":16},"end":{"line":12,"column":125}},"type":"cond-expr","locations":[{"start":{"line":12,"column":38},"end":{"line":12,"column":70}},{"start":{"line":12,"column":73},"end":{"line":12,"column":125}}],"line":12}},"s":{"0":3,"1":3,"2":3,"3":3,"4":3,"5":3,"6":3,"7":3,"8":2,"9":0,"10":2,"11":0,"12":0,"13":0,"14":3,"15":3,"16":3},"f":{"0":3,"1":0,"2":0},"b":{"0":[0,3],"1":[3,0]},"_coverageSchema":"1a1c01bbd47fc00a2c39e90264f33305004495a9","hash":"7e9e67f74c0327d2ce8dac2f791cd54730c0fffd"}
,"/root/dice-game/dice-game-api/libs/dbGameWrapper.js": {"path":"/root/dice-game/dice-game-api/libs/dbGameWrapper.js","statementMap":{"0":{"start":{"line":3,"column":18},"end":{"line":5,"column":3}},"1":{"start":{"line":7,"column":20},"end":{"line":9,"column":1}},"2":{"start":{"line":8,"column":4},"end":{"line":8,"column":33}},"3":{"start":{"line":11,"column":27},"end":{"line":14,"column":1}},"4":{"start":{"line":12,"column":25},"end":{"line":12,"column":49}},"5":{"start":{"line":13,"column":4},"end":{"line":13,"column":60}},"6":{"start":{"line":16,"column":33},"end":{"line":19,"column":1}},"7":{"start":{"line":17,"column":25},"end":{"line":17,"column":41}},"8":{"start":{"line":18,"column":4},"end":{"line":18,"column":77}},"9":{"start":{"line":21,"column":26},"end":{"line":23,"column":1}},"10":{"start":{"line":22,"column":4},"end":{"line":22,"column":35}},"11":{"start":{"line":25,"column":26},"end":{"line":27,"column":1}},"12":{"start":{"line":26,"column":4},"end":{"line":26,"column":60}},"13":{"start":{"line":29,"column":30},"end":{"line":32,"column":1}},"14":{"start":{"line":30,"column":25},"end":{"line":30,"column":51}},"15":{"start":{"line":31,"column":4},"end":{"line":31,"column":66}},"16":{"start":{"line":34,"column":36},"end":{"line":37,"column":1}},"17":{"start":{"line":35,"column":25},"end":{"line":35,"column":51}},"18":{"start":{"line":36,"column":4},"end":{"line":36,"column":79}}},"fnMap":{"0":{"name":"(anonymous_0)","decl":{"start":{"line":7,"column":20},"end":{"line":7,"column":21}},"loc":{"start":{"line":7,"column":32},"end":{"line":9,"column":1}},"line":7},"1":{"name":"(anonymous_1)","decl":{"start":{"line":11,"column":27},"end":{"line":11,"column":28}},"loc":{"start":{"line":11,"column":39},"end":{"line":14,"column":1}},"line":11},"2":{"name":"(anonymous_2)","decl":{"start":{"line":16,"column":33},"end":{"line":16,"column":34}},"loc":{"start":{"line":16,"column":59},"end":{"line":19,"column":1}},"line":16},"3":{"name":"(anonymous_3)","decl":{"start":{"line":21,"column":26},"end":{"line":21,"column":27}},"loc":{"start":{"line":21,"column":36},"end":{"line":23,"column":1}},"line":21},"4":{"name":"(anonymous_4)","decl":{"start":{"line":25,"column":26},"end":{"line":25,"column":27}},"loc":{"start":{"line":25,"column":44},"end":{"line":27,"column":1}},"line":25},"5":{"name":"(anonymous_5)","decl":{"start":{"line":29,"column":30},"end":{"line":29,"column":31}},"loc":{"start":{"line":29,"column":42},"end":{"line":32,"column":1}},"line":29},"6":{"name":"(anonymous_6)","decl":{"start":{"line":34,"column":36},"end":{"line":34,"column":37}},"loc":{"start":{"line":34,"column":56},"end":{"line":37,"column":1}},"line":34}},"branchMap":{},"s":{"0":3,"1":3,"2":0,"3":3,"4":7,"5":7,"6":3,"7":18,"8":18,"9":3,"10":62,"11":3,"12":6,"13":3,"14":74,"15":74,"16":3,"17":2,"18":2},"f":{"0":0,"1":7,"2":18,"3":62,"4":6,"5":74,"6":2},"b":{},"_coverageSchema":"1a1c01bbd47fc00a2c39e90264f33305004495a9","hash":"006015030975d4a7b08edb4a24eae5a30ecedd9a"}
,"/root/dice-game/dice-game-api/libs/jwtCheck.js": {"path":"/root/dice-game/dice-game-api/libs/jwtCheck.js","statementMap":{"0":{"start":{"line":1,"column":10},"end":{"line":1,"column":32}},"1":{"start":{"line":2,"column":11},"end":{"line":2,"column":30}}},"fnMap":{},"branchMap":{},"s":{"0":1,"1":1},"f":{},"b":{},"_coverageSchema":"1a1c01bbd47fc00a2c39e90264f33305004495a9","hash":"eb448cc0443a0f29c26ff7fb2147310f6a526382"}
,"/root/dice-game/dice-game-api/libs/logger.js": {"path":"/root/dice-game/dice-game-api/libs/logger.js","statementMap":{"0":{"start":{"line":3,"column":15},"end":{"line":9,"column":2}},"1":{"start":{"line":11,"column":0},"end":{"line":19,"column":1}},"2":{"start":{"line":12,"column":2},"end":{"line":12,"column":38}},"3":{"start":{"line":13,"column":2},"end":{"line":13,"column":75}},"4":{"start":{"line":14,"column":2},"end":{"line":14,"column":93}},"5":{"start":{"line":16,"column":2},"end":{"line":16,"column":38}},"6":{"start":{"line":17,"column":2},"end":{"line":17,"column":80}},"7":{"start":{"line":18,"column":2},"end":{"line":18,"column":98}}},"fnMap":{},"branchMap":{"0":{"loc":{"start":{"line":11,"column":0},"end":{"line":19,"column":1}},"type":"if","locations":[{"start":{"line":11,"column":0},"end":{"line":19,"column":1}},{"start":{"line":15,"column":7},"end":{"line":19,"column":1}}],"line":11}},"s":{"0":8,"1":8,"2":8,"3":8,"4":8,"5":0,"6":0,"7":0},"f":{},"b":{"0":[8,0]},"_coverageSchema":"1a1c01bbd47fc00a2c39e90264f33305004495a9","hash":"ea42dcccb7ca6dcf71e6e829d2c07b8e987bbc97"}
,"/root/dice-game/dice-game-api/routers/gameRouter.js": {"path":"/root/dice-game/dice-game-api/routers/gameRouter.js","statementMap":{"0":{"start":{"line":15,"column":21},"end":{"line":15,"column":55}},"1":{"start":{"line":17,"column":15},"end":{"line":17,"column":23}},"2":{"start":{"line":20,"column":0},"end":{"line":30,"column":2}},"3":{"start":{"line":21,"column":4},"end":{"line":29,"column":5}},"4":{"start":{"line":22,"column":22},"end":{"line":22,"column":36}},"5":{"start":{"line":23,"column":25},"end":{"line":23,"column":52}},"6":{"start":{"line":24,"column":23},"end":{"line":24,"column":35}},"7":{"start":{"line":25,"column":8},"end":{"line":25,"column":62}},"8":{"start":{"line":27,"column":8},"end":{"line":27,"column":33}},"9":{"start":{"line":28,"column":8},"end":{"line":28,"column":30}},"10":{"start":{"line":34,"column":0},"end":{"line":51,"column":3}},"11":{"start":{"line":35,"column":19},"end":{"line":35,"column":36}},"12":{"start":{"line":36,"column":4},"end":{"line":50,"column":5}},"13":{"start":{"line":37,"column":25},"end":{"line":37,"column":50}},"14":{"start":{"line":38,"column":8},"end":{"line":39,"column":52}},"15":{"start":{"line":39,"column":12},"end":{"line":39,"column":52}},"16":{"start":{"line":41,"column":8},"end":{"line":46,"column":12}},"17":{"start":{"line":42,"column":38},"end":{"line":46,"column":9}},"18":{"start":{"line":48,"column":8},"end":{"line":48,"column":33}},"19":{"start":{"line":49,"column":8},"end":{"line":49,"column":30}},"20":{"start":{"line":55,"column":0},"end":{"line":64,"column":3}},"21":{"start":{"line":56,"column":31},"end":{"line":56,"column":41}},"22":{"start":{"line":57,"column":4},"end":{"line":63,"column":5}},"23":{"start":{"line":58,"column":21},"end":{"line":58,"column":60}},"24":{"start":{"line":59,"column":8},"end":{"line":59,"column":22}},"25":{"start":{"line":61,"column":8},"end":{"line":61,"column":33}},"26":{"start":{"line":62,"column":8},"end":{"line":62,"column":38}},"27":{"start":{"line":68,"column":0},"end":{"line":87,"column":3}},"28":{"start":{"line":69,"column":19},"end":{"line":69,"column":36}},"29":{"start":{"line":70,"column":18},"end":{"line":70,"column":34}},"30":{"start":{"line":71,"column":4},"end":{"line":71,"column":74}},"31":{"start":{"line":72,"column":4},"end":{"line":72,"column":24}},"32":{"start":{"line":74,"column":4},"end":{"line":86,"column":5}},"33":{"start":{"line":75,"column":21},"end":{"line":75,"column":38}},"34":{"start":{"line":76,"column":23},"end":{"line":76,"column":45}},"35":{"start":{"line":77,"column":8},"end":{"line":77,"column":67}},"36":{"start":{"line":78,"column":8},"end":{"line":82,"column":10}},"37":{"start":{"line":84,"column":8},"end":{"line":84,"column":33}},"38":{"start":{"line":85,"column":8},"end":{"line":85,"column":30}},"39":{"start":{"line":94,"column":0},"end":{"line":110,"column":2}},"40":{"start":{"line":95,"column":31},"end":{"line":95,"column":41}},"41":{"start":{"line":96,"column":46},"end":{"line":96,"column":54}},"42":{"start":{"line":97,"column":4},"end":{"line":109,"column":5}},"43":{"start":{"line":98,"column":23},"end":{"line":98,"column":62}},"44":{"start":{"line":99,"column":21},"end":{"line":99,"column":87}},"45":{"start":{"line":100,"column":8},"end":{"line":100,"column":38}},"46":{"start":{"line":101,"column":8},"end":{"line":101,"column":61}},"47":{"start":{"line":102,"column":8},"end":{"line":102,"column":22}},"48":{"start":{"line":104,"column":8},"end":{"line":106,"column":9}},"49":{"start":{"line":105,"column":12},"end":{"line":105,"column":33}},"50":{"start":{"line":107,"column":8},"end":{"line":107,"column":33}},"51":{"start":{"line":108,"column":8},"end":{"line":108,"column":30}},"52":{"start":{"line":114,"column":0},"end":{"line":124,"column":3}},"53":{"start":{"line":115,"column":19},"end":{"line":115,"column":36}},"54":{"start":{"line":116,"column":4},"end":{"line":123,"column":5}},"55":{"start":{"line":117,"column":8},"end":{"line":117,"column":36}},"56":{"start":{"line":118,"column":8},"end":{"line":118,"column":57}},"57":{"start":{"line":119,"column":8},"end":{"line":119,"column":37}},"58":{"start":{"line":121,"column":8},"end":{"line":121,"column":33}},"59":{"start":{"line":122,"column":8},"end":{"line":122,"column":31}},"60":{"start":{"line":127,"column":0},"end":{"line":137,"column":3}},"61":{"start":{"line":128,"column":31},"end":{"line":128,"column":41}},"62":{"start":{"line":129,"column":4},"end":{"line":136,"column":5}},"63":{"start":{"line":130,"column":8},"end":{"line":130,"column":50}},"64":{"start":{"line":131,"column":8},"end":{"line":131,"column":64}},"65":{"start":{"line":132,"column":8},"end":{"line":132,"column":44}},"66":{"start":{"line":134,"column":8},"end":{"line":134,"column":33}},"67":{"start":{"line":135,"column":8},"end":{"line":135,"column":31}}},"fnMap":{"0":{"name":"(anonymous_0)","decl":{"start":{"line":20,"column":16},"end":{"line":20,"column":17}},"loc":{"start":{"line":20,"column":36},"end":{"line":30,"column":1}},"line":20},"1":{"name":"(anonymous_1)","decl":{"start":{"line":34,"column":33},"end":{"line":34,"column":34}},"loc":{"start":{"line":34,"column":53},"end":{"line":51,"column":1}},"line":34},"2":{"name":"(anonymous_2)","decl":{"start":{"line":42,"column":25},"end":{"line":42,"column":26}},"loc":{"start":{"line":42,"column":36},"end":{"line":46,"column":10}},"line":42},"3":{"name":"(anonymous_3)","decl":{"start":{"line":55,"column":41},"end":{"line":55,"column":42}},"loc":{"start":{"line":55,"column":61},"end":{"line":64,"column":1}},"line":55},"4":{"name":"(anonymous_4)","decl":{"start":{"line":68,"column":34},"end":{"line":68,"column":35}},"loc":{"start":{"line":68,"column":54},"end":{"line":87,"column":1}},"line":68},"5":{"name":"(anonymous_5)","decl":{"start":{"line":94,"column":42},"end":{"line":94,"column":43}},"loc":{"start":{"line":94,"column":62},"end":{"line":110,"column":1}},"line":94},"6":{"name":"(anonymous_6)","decl":{"start":{"line":114,"column":36},"end":{"line":114,"column":37}},"loc":{"start":{"line":114,"column":56},"end":{"line":124,"column":1}},"line":114},"7":{"name":"(anonymous_7)","decl":{"start":{"line":127,"column":44},"end":{"line":127,"column":45}},"loc":{"start":{"line":127,"column":64},"end":{"line":137,"column":1}},"line":127}},"branchMap":{"0":{"loc":{"start":{"line":38,"column":8},"end":{"line":39,"column":52}},"type":"if","locations":[{"start":{"line":38,"column":8},"end":{"line":39,"column":52}},{"start":{},"end":{}}],"line":38},"1":{"loc":{"start":{"line":71,"column":14},"end":{"line":71,"column":73}},"type":"cond-expr","locations":[{"start":{"line":71,"column":41},"end":{"line":71,"column":48}},{"start":{"line":71,"column":51},"end":{"line":71,"column":73}}],"line":71},"2":{"loc":{"start":{"line":104,"column":8},"end":{"line":106,"column":9}},"type":"if","locations":[{"start":{"line":104,"column":8},"end":{"line":106,"column":9}},{"start":{},"end":{}}],"line":104}},"s":{"0":2,"1":2,"2":2,"3":0,"4":0,"5":0,"6":0,"7":0,"8":0,"9":0,"10":2,"11":1,"12":1,"13":1,"14":1,"15":0,"16":1,"17":3,"18":0,"19":0,"20":2,"21":1,"22":1,"23":1,"24":1,"25":0,"26":0,"27":2,"28":1,"29":1,"30":1,"31":1,"32":1,"33":1,"34":1,"35":1,"36":1,"37":0,"38":0,"39":2,"40":5,"41":5,"42":5,"43":5,"44":4,"45":3,"46":3,"47":3,"48":2,"49":1,"50":1,"51":1,"52":2,"53":1,"54":1,"55":1,"56":1,"57":1,"58":0,"59":0,"60":2,"61":1,"62":1,"63":1,"64":1,"65":1,"66":0,"67":0},"f":{"0":0,"1":1,"2":3,"3":1,"4":1,"5":5,"6":1,"7":1},"b":{"0":[0,1],"1":[1,0],"2":[1,1]},"_coverageSchema":"1a1c01bbd47fc00a2c39e90264f33305004495a9","hash":"2f522138de206ecaabc4e9dd979eb9966fb3ac85"}
}
