TN:
SF:main.js
FN:19,(anonymous_0)
FN:30,(anonymous_1)
FN:35,(anonymous_2)
FNF:3
FNH:2
FNDA:10,(anonymous_0)
FNDA:0,(anonymous_1)
FNDA:1,(anonymous_2)
DA:9,1
DA:10,1
DA:11,1
DA:12,1
DA:13,1
DA:19,1
DA:20,10
DA:21,10
DA:22,10
DA:25,1
DA:26,1
DA:28,1
DA:30,1
DA:31,0
DA:32,0
DA:35,1
LF:16
LH:14
BRF:0
BRH:0
end_of_record
TN:
SF:libs/Game.js
FN:4,(anonymous_0)
FN:15,(anonymous_1)
FN:28,(anonymous_2)
FN:29,(anonymous_3)
FN:31,(anonymous_4)
FN:41,(anonymous_5)
FN:46,(anonymous_6)
FN:47,(anonymous_7)
FN:64,(anonymous_8)
FN:65,(anonymous_9)
FN:69,(anonymous_10)
FN:92,(anonymous_11)
FN:92,(anonymous_12)
FN:95,(anonymous_13)
FN:95,(anonymous_14)
FN:110,(anonymous_15)
FN:119,(anonymous_16)
FN:124,(anonymous_17)
FN:128,(anonymous_18)
FN:132,(anonymous_19)
FN:134,(anonymous_20)
FN:139,(anonymous_21)
FN:152,(anonymous_22)
FN:158,makeMove
FN:159,(anonymous_24)
FNF:25
FNH:25
FNDA:125,(anonymous_0)
FNDA:252,(anonymous_1)
FNDA:18,(anonymous_2)
FNDA:18,(anonymous_3)
FNDA:73,(anonymous_4)
FNDA:40,(anonymous_5)
FNDA:40,(anonymous_6)
FNDA:40,(anonymous_7)
FNDA:41,(anonymous_8)
FNDA:41,(anonymous_9)
FNDA:205,(anonymous_10)
FNDA:21,(anonymous_11)
FNDA:10,(anonymous_12)
FNDA:21,(anonymous_13)
FNDA:10,(anonymous_14)
FNDA:5,(anonymous_15)
FNDA:39,(anonymous_16)
FNDA:39,(anonymous_17)
FNDA:39,(anonymous_18)
FNDA:4,(anonymous_19)
FNDA:128,(anonymous_20)
FNDA:41,(anonymous_21)
FNDA:18,(anonymous_22)
FNDA:64,makeMove
FNDA:64,(anonymous_24)
DA:5,125
DA:6,125
DA:7,125
DA:8,125
DA:9,125
DA:10,125
DA:12,125
DA:14,125
DA:15,125
DA:16,252
DA:28,8
DA:29,18
DA:31,73
DA:32,5
DA:34,13
DA:35,55
DA:37,13
DA:41,8
DA:42,40
DA:43,40
DA:46,8
DA:47,40
DA:48,40
DA:52,0
DA:53,40
DA:54,1
DA:56,40
DA:57,40
DA:58,40
DA:59,40
DA:64,8
DA:65,41
DA:67,41
DA:68,41
DA:69,41
DA:70,205
DA:72,41
DA:74,11
DA:75,11
DA:77,1
DA:78,1
DA:80,1
DA:81,1
DA:83,1
DA:84,1
DA:86,8
DA:87,8
DA:89,1
DA:90,1
DA:92,21
DA:93,3
DA:95,21
DA:96,3
DA:98,3
DA:99,3
DA:101,3
DA:102,3
DA:104,2
DA:105,2
DA:107,2
DA:108,2
DA:110,5
DA:111,1
DA:113,1
DA:119,8
DA:120,39
DA:121,39
DA:124,8
DA:125,39
DA:128,8
DA:129,39
DA:132,8
DA:133,4
DA:134,128
DA:136,4
DA:139,8
DA:140,41
DA:141,40
DA:142,39
DA:143,39
DA:144,39
DA:145,39
DA:146,39
DA:147,4
DA:149,39
DA:152,8
DA:153,18
DA:154,13
DA:155,13
DA:159,64
DA:160,64
DA:161,64
DA:162,64
DA:163,64
DA:165,64
DA:166,1
DA:168,63
DA:169,2
DA:171,61
DA:172,8
DA:174,53
DA:175,41
DA:177,12
DA:178,11
DA:179,1
DA:181,10
DA:184,1
DA:185,1
DA:187,0
DA:191,0
LF:110
LH:107
BRDA:31,0,0,5
BRDA:31,0,1,13
BRDA:31,1,0,73
BRDA:31,1,1,70
BRDA:31,1,2,69
BRDA:43,2,0,36
BRDA:43,2,1,4
BRDA:48,3,0,0
BRDA:48,3,1,40
BRDA:48,4,0,40
BRDA:48,4,1,40
BRDA:48,4,2,40
BRDA:48,4,3,40
BRDA:53,5,0,1
BRDA:53,5,1,39
BRDA:58,6,0,4
BRDA:58,6,1,36
BRDA:72,7,0,11
BRDA:72,7,1,1
BRDA:72,7,2,1
BRDA:72,7,3,1
BRDA:72,7,4,8
BRDA:72,7,5,1
BRDA:72,7,6,3
BRDA:72,7,7,3
BRDA:72,7,8,3
BRDA:72,7,9,3
BRDA:72,7,10,2
BRDA:72,7,11,2
BRDA:72,7,12,1
BRDA:72,7,13,1
BRDA:92,8,0,2
BRDA:92,8,1,1
BRDA:95,9,0,2
BRDA:95,9,1,1
BRDA:98,10,0,1
BRDA:98,10,1,2
BRDA:98,11,0,3
BRDA:98,11,1,2
BRDA:101,12,0,1
BRDA:101,12,1,2
BRDA:101,13,0,3
BRDA:101,13,1,1
BRDA:101,13,2,1
BRDA:101,13,3,1
BRDA:101,13,4,1
BRDA:104,14,0,1
BRDA:104,14,1,1
BRDA:104,15,0,2
BRDA:104,15,1,2
BRDA:104,15,2,2
BRDA:104,15,3,2
BRDA:104,15,4,1
BRDA:107,16,0,1
BRDA:107,16,1,1
BRDA:125,17,0,7
BRDA:125,17,1,32
BRDA:146,18,0,4
BRDA:146,18,1,35
BRDA:165,19,0,1
BRDA:165,19,1,63
BRDA:168,20,0,2
BRDA:168,20,1,61
BRDA:171,21,0,8
BRDA:171,21,1,53
BRDA:174,22,0,41
BRDA:174,22,1,12
BRDA:177,23,0,11
BRDA:177,23,1,1
BRDA:178,24,0,1
BRDA:178,24,1,10
BRDA:184,25,0,1
BRDA:184,25,1,0
BRF:73
BRH:71
end_of_record
TN:
SF:libs/dbConnection.js
FN:14,connectToMongo
FN:17,(anonymous_1)
FN:18,(anonymous_2)
FNF:3
FNH:1
FNDA:3,connectToMongo
FNDA:0,(anonymous_1)
FNDA:0,(anonymous_2)
DA:5,3
DA:6,3
DA:7,3
DA:8,3
DA:9,3
DA:11,3
DA:15,3
DA:16,3
DA:17,2
DA:18,2
DA:20,0
DA:21,0
DA:25,3
DA:26,3
DA:27,3
LF:15
LH:13
BRDA:11,0,0,0
BRDA:11,0,1,3
BRDA:12,1,0,3
BRDA:12,1,1,0
BRF:4
BRH:2
end_of_record
TN:
SF:libs/dbGameWrapper.js
FN:7,(anonymous_0)
FN:11,(anonymous_1)
FN:16,(anonymous_2)
FN:21,(anonymous_3)
FN:25,(anonymous_4)
FN:29,(anonymous_5)
FN:34,(anonymous_6)
FNF:7
FNH:6
FNDA:0,(anonymous_0)
FNDA:7,(anonymous_1)
FNDA:18,(anonymous_2)
FNDA:62,(anonymous_3)
FNDA:6,(anonymous_4)
FNDA:74,(anonymous_5)
FNDA:2,(anonymous_6)
DA:3,3
DA:7,3
DA:8,0
DA:11,3
DA:12,7
DA:13,7
DA:16,3
DA:17,18
DA:18,18
DA:21,3
DA:22,62
DA:25,3
DA:26,6
DA:29,3
DA:30,74
DA:31,74
DA:34,3
DA:35,2
DA:36,2
LF:19
LH:18
BRF:0
BRH:0
end_of_record
TN:
SF:libs/jwtCheck.js
FNF:0
FNH:0
DA:1,1
DA:2,1
LF:2
LH:2
BRF:0
BRH:0
end_of_record
TN:
SF:libs/logger.js
FNF:0
FNH:0
DA:3,8
DA:11,8
DA:12,8
DA:13,8
DA:14,8
DA:16,0
DA:17,0
DA:18,0
LF:8
LH:5
BRDA:11,0,0,8
BRDA:11,0,1,0
BRF:2
BRH:1
end_of_record
TN:
SF:routers/gameRouter.js
FN:20,(anonymous_0)
FN:34,(anonymous_1)
FN:42,(anonymous_2)
FN:55,(anonymous_3)
FN:68,(anonymous_4)
FN:94,(anonymous_5)
FN:114,(anonymous_6)
FN:127,(anonymous_7)
FNF:8
FNH:7
FNDA:0,(anonymous_0)
FNDA:1,(anonymous_1)
FNDA:3,(anonymous_2)
FNDA:1,(anonymous_3)
FNDA:1,(anonymous_4)
FNDA:5,(anonymous_5)
FNDA:1,(anonymous_6)
FNDA:1,(anonymous_7)
DA:15,2
DA:17,2
DA:20,2
DA:21,0
DA:22,0
DA:23,0
DA:24,0
DA:25,0
DA:27,0
DA:28,0
DA:34,2
DA:35,1
DA:36,1
DA:37,1
DA:38,1
DA:39,0
DA:41,1
DA:42,3
DA:48,0
DA:49,0
DA:55,2
DA:56,1
DA:57,1
DA:58,1
DA:59,1
DA:61,0
DA:62,0
DA:68,2
DA:69,1
DA:70,1
DA:71,1
DA:72,1
DA:74,1
DA:75,1
DA:76,1
DA:77,1
DA:78,1
DA:84,0
DA:85,0
DA:94,2
DA:95,5
DA:96,5
DA:97,5
DA:98,5
DA:99,4
DA:100,3
DA:101,3
DA:102,3
DA:104,2
DA:105,1
DA:107,1
DA:108,1
DA:114,2
DA:115,1
DA:116,1
DA:117,1
DA:118,1
DA:119,1
DA:121,0
DA:122,0
DA:127,2
DA:128,1
DA:129,1
DA:130,1
DA:131,1
DA:132,1
DA:134,0
DA:135,0
LF:68
LH:50
BRDA:38,0,0,0
BRDA:38,0,1,1
BRDA:71,1,0,1
BRDA:71,1,1,0
BRDA:104,2,0,1
BRDA:104,2,1,1
BRF:6
BRH:4
end_of_record
